{
  "0 debug pnpm:scope": {
    "selected": 1
  },
  "1 debug pnpm:package-manifest": {
    "initial": {
      "name": "@oyunprotocol/nft-crafter",
      "version": "0.1.0",
      "private": false,
      "repository": {
        "type": "git",
        "url": "https://github.com/oyunprotocol/nft-crafter.git"
      },
      "homepage": "https://github.com/oyunprotocol/nft-crafter.git",
      "copyright": "Copyright 2021 OYUNPROTOCOL",
      "license": "MIT",
      "scripts": {
        "hardhat:compile": "npx hardhat compile",
        "hardhat:deploy": "npx hardhat run --network localhost scripts/deploy.ts",
        "hardhat:node": "npx hardhat node",
        "clean": "npm-run-all -p clean:scripts clean:test clean:types",
        "clean:scripts": "rimraf scripts",
        "clean:test": "rimraf test",
        "clean:types": "rimraf typechain",
        "test": "npx hardhat test",
        "start": "npx hardhat run --network localhost scripts/deploy.t",
        "test:parallel": "npx hardhat test --parallel",
        "compile": "npx hardhat clean && npx hardhat compile && npx hardhat run src/generate.ts",
        "deploy": "npx hardhat src/deploy.ts",
        "deploy:test": "cross-env NODE_ENV=test ts-node src/deploy.ts",
        "lint": "eslint src test",
        "lint:fix": "eslint src test --fix",
        "lint:staged": "lint-staged",
        "docs:solidity": "solidity-docgen --solc-module solc-0.8 -i contracts -o docs/solidity",
        "docs:ts": "typedoc",
        "prepare": "husky install && npm run hardhat:compile",
        "prepublishOnly": "npm run test"
      },
      "dependencies": {
        "ajv": "^8.10.0",
        "dotenv": "^10.0.0",
        "ipfs-http-client": "^56.0.1",
        "merge-images": "^2.0.0"
      },
      "peerDependencies": {
        "@ethersproject/abi": "^5.4.0",
        "@ethersproject/contracts": "^5.4.1",
        "@ethersproject/providers": "^5.4.3",
        "@truffle/contract": "^4.3.27",
        "@truffle/hdwallet-provider": "^1.5.0",
        "@typechain/ethers-v5": "^7.0.1",
        "@typechain/hardhat": "^2.3.0",
        "@typechain/truffle-v5": "^5.0.0",
        "@typechain/web3-v1": "^3.0.0",
        "ethers": "^5.4.4",
        "truffle": "^5.4.3",
        "typechain": "^5.1.2",
        "web3": "^1.5.2",
        "web3-core": "^1.5.1",
        "web3-eth-contract": "^1.5.2",
        "web3-utils": "^1.6.0"
      },
      "devDependencies": {
        "@ethersproject/abi": "^5.5.0",
        "@ethersproject/contracts": "^5.5.0",
        "@ethersproject/providers": "^5.5.2",
        "@nomiclabs/hardhat-ethers": "^2.0.5",
        "@nomiclabs/hardhat-truffle5": "^2.0.5",
        "@nomiclabs/hardhat-web3": "^2.0.0",
        "@openzeppelin/contracts": "^4.4.2",
        "@truffle/contract": "^4.4.4",
        "@truffle/hdwallet-provider": "^1.7.0",
        "@typechain/ethers-v5": "^7.2.0",
        "@typechain/hardhat": "^2.3.1",
        "@typechain/truffle-v5": "^5.1.0",
        "@typechain/web3-v1": "^3.1.0",
        "@types/chai": "^4.3.0",
        "@types/chai-as-promised": "^7.1.4",
        "@types/glob": "^7.2.0",
        "@types/merge-images": "^1.2.1",
        "@types/mocha": "^9.0.0",
        "@types/node": "^16.11.19",
        "@typescript-eslint/eslint-plugin": "^4.33.0",
        "@typescript-eslint/parser": "^4.33.0",
        "bignumber.js": "^9.0.2",
        "canvas": "^2.9.0",
        "chai": "^4.3.4",
        "chai-as-promised": "^7.1.1",
        "cross-env": "^7.0.3",
        "eslint": "^7.32.0",
        "eslint-config-prettier": "^8.3.0",
        "eslint-plugin-import": "^2.25.4",
        "eslint-plugin-prettier": "^3.4.1",
        "ethers": "^5.5.3",
        "fast-memoize": "^2.5.2",
        "ganache-cli": "^6.12.2",
        "ganache-core": "^2.13.2",
        "glob": "^7.2.0",
        "hardhat": "^2.9.1",
        "husky": "^7.0.4",
        "ipfs-core-types": "^0.10.1",
        "lint-staged": "^11.2.6",
        "merkletreejs": "^0.2.30",
        "mocha": "^9.1.4",
        "npm-run-all": "^4.1.5",
        "prettier": "^2.5.1",
        "rimraf": "^3.0.2",
        "solc-0.8": "npm:solc@^0.8.12",
        "solidity-docgen": "^0.5.16",
        "truffle": "5.4.14",
        "ts-node": "^10.4.0",
        "typechain": "^5.2.0",
        "typedoc": "^0.21.9",
        "typedoc-neo-theme": "^1.1.1",
        "typescript": "^4.5.4",
        "uint8arrays": "^3.0.0",
        "web3": "^1.6.1",
        "web3-core": "^1.6.1",
        "web3-eth-contract": "^1.6.1",
        "web3-utils": "^1.6.1"
      },
      "files": [
        "*",
        "!test",
        "!./**/*.test.*"
      ],
      "main": "index.js",
      "types": "index.d.ts",
      "publishConfig": {
        "directory": "lib"
      }
    },
    "prefix": "/home/VulcanLinkProjects/nft-launcher-contracts"
  },
  "2 debug pnpm:context": {
    "currentLockfileExists": false,
    "storeDir": "/home/kazi/.pnpm-store/v3",
    "virtualStoreDir": "/home/VulcanLinkProjects/nft-launcher-contracts/node_modules/.pnpm"
  },
  "3 debug pnpm:stage": {
    "prefix": "/home/VulcanLinkProjects/nft-launcher-contracts",
    "stage": "resolution_started"
  },
  "4 debug pnpm:_dependency_resolved": {
    "resolution": "registry.npmjs.org/@ethersproject/abi/5.6.1",
    "wanted": {
      "dependentId": ".",
      "name": "@ethersproject/abi",
      "rawSpec": "^5.5.0"
    }
  },
  "5 debug pnpm:progress": {
    "packageId": "registry.npmjs.org/@ethersproject/abi/5.6.1",
    "requester": "/home/VulcanLinkProjects/nft-launcher-contracts",
    "status": "resolved"
  },
  "6 debug pnpm:progress": {
    "packageId": "registry.npmjs.org/@ethersproject/abi/5.6.1",
    "requester": "/home/VulcanLinkProjects/nft-launcher-contracts",
    "status": "found_in_store"
  },
  "7 debug pnpm:_dependency_resolved": {
    "resolution": "registry.npmjs.org/@types/merge-images/1.2.1",
    "wanted": {
      "dependentId": ".",
      "name": "@types/merge-images",
      "rawSpec": "^1.2.1"
    }
  },
  "8 debug pnpm:progress": {
    "packageId": "registry.npmjs.org/@types/merge-images/1.2.1",
    "requester": "/home/VulcanLinkProjects/nft-launcher-contracts",
    "status": "resolved"
  },
  "9 debug pnpm:progress": {
    "packageId": "registry.npmjs.org/@types/merge-images/1.2.1",
    "requester": "/home/VulcanLinkProjects/nft-launcher-contracts",
    "status": "found_in_store"
  },
  "10 debug pnpm:_dependency_resolved": {
    "resolution": "registry.npmjs.org/@types/mocha/9.1.1",
    "wanted": {
      "dependentId": ".",
      "name": "@types/mocha",
      "rawSpec": "^9.0.0"
    }
  },
  "11 debug pnpm:progress": {
    "packageId": "registry.npmjs.org/@types/mocha/9.1.1",
    "requester": "/home/VulcanLinkProjects/nft-launcher-contracts",
    "status": "resolved"
  },
  "12 debug pnpm:progress": {
    "packageId": "registry.npmjs.org/@types/mocha/9.1.1",
    "requester": "/home/VulcanLinkProjects/nft-launcher-contracts",
    "status": "found_in_store"
  },
  "13 debug pnpm:_dependency_resolved": {
    "resolution": "registry.npmjs.org/@typechain/web3-v1/3.1.0",
    "wanted": {
      "dependentId": ".",
      "name": "@typechain/web3-v1",
      "rawSpec": "^3.1.0"
    }
  },
  "14 debug pnpm:progress": {
    "packageId": "registry.npmjs.org/@typechain/web3-v1/3.1.0",
    "requester": "/home/VulcanLinkProjects/nft-launcher-contracts",
    "status": "resolved"
  },
  "15 debug pnpm:progress": {
    "packageId": "registry.npmjs.org/@typechain/web3-v1/3.1.0",
    "requester": "/home/VulcanLinkProjects/nft-launcher-contracts",
    "status": "found_in_store"
  },
  "16 debug pnpm:_dependency_resolved": {
    "resolution": "registry.npmjs.org/@types/node/16.11.27",
    "wanted": {
      "dependentId": ".",
      "name": "@types/node",
      "rawSpec": "^16.11.19"
    }
  },
  "17 debug pnpm:progress": {
    "packageId": "registry.npmjs.org/@types/node/16.11.27",
    "requester": "/home/VulcanLinkProjects/nft-launcher-contracts",
    "status": "resolved"
  },
  "18 debug pnpm:progress": {
    "packageId": "registry.npmjs.org/@types/node/16.11.27",
    "requester": "/home/VulcanLinkProjects/nft-launcher-contracts",
    "status": "found_in_store"
  },
  "19 debug pnpm:_dependency_resolved": {
    "resolution": "registry.npmjs.org/@typescript-eslint/eslint-plugin/4.33.0",
    "wanted": {
      "dependentId": ".",
      "name": "@typescript-eslint/eslint-plugin",
      "rawSpec": "^4.33.0"
    }
  },
  "20 debug pnpm:progress": {
    "packageId": "registry.npmjs.org/@typescript-eslint/eslint-plugin/4.33.0",
    "requester": "/home/VulcanLinkProjects/nft-launcher-contracts",
    "status": "resolved"
  },
  "21 debug pnpm:_dependency_resolved": {
    "resolution": "registry.npmjs.org/@typescript-eslint/parser/4.33.0",
    "wanted": {
      "dependentId": ".",
      "name": "@typescript-eslint/parser",
      "rawSpec": "^4.33.0"
    }
  },
  "22 debug pnpm:progress": {
    "packageId": "registry.npmjs.org/@typescript-eslint/parser/4.33.0",
    "requester": "/home/VulcanLinkProjects/nft-launcher-contracts",
    "status": "resolved"
  },
  "23 debug pnpm:_dependency_resolved": {
    "resolution": "registry.npmjs.org/bignumber.js/9.0.2",
    "wanted": {
      "dependentId": ".",
      "name": "bignumber.js",
      "rawSpec": "^9.0.2"
    }
  },
  "24 debug pnpm:progress": {
    "packageId": "registry.npmjs.org/bignumber.js/9.0.2",
    "requester": "/home/VulcanLinkProjects/nft-launcher-contracts",
    "status": "resolved"
  },
  "25 debug pnpm:_dependency_resolved": {
    "resolution": "registry.npmjs.org/canvas/2.9.1",
    "wanted": {
      "dependentId": ".",
      "name": "canvas",
      "rawSpec": "^2.9.0"
    }
  },
  "26 debug pnpm:progress": {
    "packageId": "registry.npmjs.org/canvas/2.9.1",
    "requester": "/home/VulcanLinkProjects/nft-launcher-contracts",
    "status": "resolved"
  },
  "27 debug pnpm:progress": {
    "packageId": "registry.npmjs.org/@typescript-eslint/eslint-plugin/4.33.0",
    "requester": "/home/VulcanLinkProjects/nft-launcher-contracts",
    "status": "found_in_store"
  },
  "28 debug pnpm:_dependency_resolved": {
    "resolution": "registry.npmjs.org/chai/4.3.6",
    "wanted": {
      "dependentId": ".",
      "name": "chai",
      "rawSpec": "^4.3.4"
    }
  },
  "29 debug pnpm:progress": {
    "packageId": "registry.npmjs.org/chai/4.3.6",
    "requester": "/home/VulcanLinkProjects/nft-launcher-contracts",
    "status": "resolved"
  },
  "30 debug pnpm:progress": {
    "packageId": "registry.npmjs.org/@typescript-eslint/parser/4.33.0",
    "requester": "/home/VulcanLinkProjects/nft-launcher-contracts",
    "status": "found_in_store"
  },
  "31 debug pnpm:progress": {
    "packageId": "registry.npmjs.org/bignumber.js/9.0.2",
    "requester": "/home/VulcanLinkProjects/nft-launcher-contracts",
    "status": "found_in_store"
  },
  "32 debug pnpm:progress": {
    "packageId": "registry.npmjs.org/canvas/2.9.1",
    "requester": "/home/VulcanLinkProjects/nft-launcher-contracts",
    "status": "found_in_store"
  },
  "33 debug pnpm:_dependency_resolved": {
    "resolution": "registry.npmjs.org/chai-as-promised/7.1.1",
    "wanted": {
      "dependentId": ".",
      "name": "chai-as-promised",
      "rawSpec": "^7.1.1"
    }
  },
  "34 debug pnpm:progress": {
    "packageId": "registry.npmjs.org/chai-as-promised/7.1.1",
    "requester": "/home/VulcanLinkProjects/nft-launcher-contracts",
    "status": "resolved"
  },
  "35 debug pnpm:progress": {
    "packageId": "registry.npmjs.org/chai/4.3.6",
    "requester": "/home/VulcanLinkProjects/nft-launcher-contracts",
    "status": "found_in_store"
  },
  "36 debug pnpm:progress": {
    "packageId": "registry.npmjs.org/chai-as-promised/7.1.1",
    "requester": "/home/VulcanLinkProjects/nft-launcher-contracts",
    "status": "found_in_store"
  },
  "37 debug pnpm:_dependency_resolved": {
    "resolution": "registry.npmjs.org/cross-env/7.0.3",
    "wanted": {
      "dependentId": ".",
      "name": "cross-env",
      "rawSpec": "^7.0.3"
    }
  },
  "38 debug pnpm:progress": {
    "packageId": "registry.npmjs.org/cross-env/7.0.3",
    "requester": "/home/VulcanLinkProjects/nft-launcher-contracts",
    "status": "resolved"
  },
  "39 debug pnpm:progress": {
    "packageId": "registry.npmjs.org/cross-env/7.0.3",
    "requester": "/home/VulcanLinkProjects/nft-launcher-contracts",
    "status": "found_in_store"
  },
  "40 debug pnpm:_dependency_resolved": {
    "resolution": "registry.npmjs.org/eslint/7.32.0",
    "wanted": {
      "dependentId": ".",
      "name": "eslint",
      "rawSpec": "^7.32.0"
    }
  },
  "41 debug pnpm:progress": {
    "packageId": "registry.npmjs.org/eslint/7.32.0",
    "requester": "/home/VulcanLinkProjects/nft-launcher-contracts",
    "status": "resolved"
  },
  "42 debug pnpm:_dependency_resolved": {
    "resolution": "registry.npmjs.org/eslint-config-prettier/8.5.0",
    "wanted": {
      "dependentId": ".",
      "name": "eslint-config-prettier",
      "rawSpec": "^8.3.0"
    }
  },
  "43 debug pnpm:progress": {
    "packageId": "registry.npmjs.org/eslint-config-prettier/8.5.0",
    "requester": "/home/VulcanLinkProjects/nft-launcher-contracts",
    "status": "resolved"
  },
  "44 debug pnpm:_dependency_resolved": {
    "resolution": "registry.npmjs.org/eslint-plugin-import/2.26.0",
    "wanted": {
      "dependentId": ".",
      "name": "eslint-plugin-import",
      "rawSpec": "^2.25.4"
    }
  },
  "45 debug pnpm:progress": {
    "packageId": "registry.npmjs.org/eslint-plugin-import/2.26.0",
    "requester": "/home/VulcanLinkProjects/nft-launcher-contracts",
    "status": "resolved"
  },
  "46 debug pnpm:progress": {
    "packageId": "registry.npmjs.org/eslint/7.32.0",
    "requester": "/home/VulcanLinkProjects/nft-launcher-contracts",
    "status": "found_in_store"
  },
  "47 debug pnpm:progress": {
    "packageId": "registry.npmjs.org/eslint-config-prettier/8.5.0",
    "requester": "/home/VulcanLinkProjects/nft-launcher-contracts",
    "status": "found_in_store"
  },
  "48 debug pnpm:progress": {
    "packageId": "registry.npmjs.org/eslint-plugin-import/2.26.0",
    "requester": "/home/VulcanLinkProjects/nft-launcher-contracts",
    "status": "found_in_store"
  },
  "49 debug pnpm:_dependency_resolved": {
    "resolution": "registry.npmjs.org/eslint-plugin-prettier/3.4.1",
    "wanted": {
      "dependentId": ".",
      "name": "eslint-plugin-prettier",
      "rawSpec": "^3.4.1"
    }
  },
  "50 debug pnpm:progress": {
    "packageId": "registry.npmjs.org/eslint-plugin-prettier/3.4.1",
    "requester": "/home/VulcanLinkProjects/nft-launcher-contracts",
    "status": "resolved"
  },
  "51 debug pnpm:progress": {
    "packageId": "registry.npmjs.org/eslint-plugin-prettier/3.4.1",
    "requester": "/home/VulcanLinkProjects/nft-launcher-contracts",
    "status": "found_in_store"
  },
  "52 debug pnpm:_dependency_resolved": {
    "resolution": "registry.npmjs.org/ethers/5.6.4",
    "wanted": {
      "dependentId": ".",
      "name": "ethers",
      "rawSpec": "^5.5.3"
    }
  },
  "53 debug pnpm:progress": {
    "packageId": "registry.npmjs.org/ethers/5.6.4",
    "requester": "/home/VulcanLinkProjects/nft-launcher-contracts",
    "status": "resolved"
  },
  "54 debug pnpm:progress": {
    "packageId": "registry.npmjs.org/ethers/5.6.4",
    "requester": "/home/VulcanLinkProjects/nft-launcher-contracts",
    "status": "found_in_store"
  },
  "55 debug pnpm:_dependency_resolved": {
    "resolution": "registry.npmjs.org/fast-memoize/2.5.2",
    "wanted": {
      "dependentId": ".",
      "name": "fast-memoize",
      "rawSpec": "^2.5.2"
    }
  },
  "56 debug pnpm:progress": {
    "packageId": "registry.npmjs.org/fast-memoize/2.5.2",
    "requester": "/home/VulcanLinkProjects/nft-launcher-contracts",
    "status": "resolved"
  },
  "57 debug pnpm:progress": {
    "packageId": "registry.npmjs.org/fast-memoize/2.5.2",
    "requester": "/home/VulcanLinkProjects/nft-launcher-contracts",
    "status": "found_in_store"
  },
  "58 debug pnpm:_dependency_resolved": {
    "resolution": "registry.npmjs.org/ganache-cli/6.12.2",
    "wanted": {
      "dependentId": ".",
      "name": "ganache-cli",
      "rawSpec": "^6.12.2"
    }
  },
  "59 debug pnpm:deprecation": {
    "deprecated": "ganache-cli is now ganache; visit https://trfl.io/g7 for details",
    "depth": 0,
    "pkgId": "registry.npmjs.org/ganache-cli/6.12.2",
    "pkgName": "ganache-cli",
    "pkgVersion": "6.12.2",
    "prefix": "/home/VulcanLinkProjects/nft-launcher-contracts"
  },
  "60 debug pnpm:progress": {
    "packageId": "registry.npmjs.org/ganache-cli/6.12.2",
    "requester": "/home/VulcanLinkProjects/nft-launcher-contracts",
    "status": "resolved"
  },
  "61 debug pnpm:_dependency_resolved": {
    "resolution": "registry.npmjs.org/ganache-core/2.13.2",
    "wanted": {
      "dependentId": ".",
      "name": "ganache-core",
      "rawSpec": "^2.13.2"
    }
  },
  "62 debug pnpm:deprecation": {
    "deprecated": "ganache-core is now ganache; visit https://trfl.io/g7 for details",
    "depth": 0,
    "pkgId": "registry.npmjs.org/ganache-core/2.13.2",
    "pkgName": "ganache-core",
    "pkgVersion": "2.13.2",
    "prefix": "/home/VulcanLinkProjects/nft-launcher-contracts"
  },
  "63 debug pnpm:progress": {
    "packageId": "registry.npmjs.org/ganache-core/2.13.2",
    "requester": "/home/VulcanLinkProjects/nft-launcher-contracts",
    "status": "resolved"
  },
  "64 debug pnpm:_dependency_resolved": {
    "resolution": "registry.npmjs.org/glob/7.2.0",
    "wanted": {
      "dependentId": ".",
      "name": "glob",
      "rawSpec": "^7.2.0"
    }
  },
  "65 debug pnpm:progress": {
    "packageId": "registry.npmjs.org/glob/7.2.0",
    "requester": "/home/VulcanLinkProjects/nft-launcher-contracts",
    "status": "resolved"
  },
  "66 debug pnpm:_dependency_resolved": {
    "resolution": "registry.npmjs.org/hardhat/2.9.3",
    "wanted": {
      "dependentId": ".",
      "name": "hardhat",
      "rawSpec": "^2.9.1"
    }
  },
  "67 debug pnpm:progress": {
    "packageId": "registry.npmjs.org/hardhat/2.9.3",
    "requester": "/home/VulcanLinkProjects/nft-launcher-contracts",
    "status": "resolved"
  },
  "68 debug pnpm:_dependency_resolved": {
    "resolution": "registry.npmjs.org/husky/7.0.4",
    "wanted": {
      "dependentId": ".",
      "name": "husky",
      "rawSpec": "^7.0.4"
    }
  },
  "69 debug pnpm:progress": {
    "packageId": "registry.npmjs.org/husky/7.0.4",
    "requester": "/home/VulcanLinkProjects/nft-launcher-contracts",
    "status": "resolved"
  },
  "70 debug pnpm:_dependency_resolved": {
    "resolution": "registry.npmjs.org/ipfs-core-types/0.10.2",
    "wanted": {
      "dependentId": ".",
      "name": "ipfs-core-types",
      "rawSpec": "^0.10.1"
    }
  },
  "71 debug pnpm:progress": {
    "packageId": "registry.npmjs.org/ipfs-core-types/0.10.2",
    "requester": "/home/VulcanLinkProjects/nft-launcher-contracts",
    "status": "resolved"
  },
  "72 debug pnpm:progress": {
    "packageId": "registry.npmjs.org/ganache-cli/6.12.2",
    "requester": "/home/VulcanLinkProjects/nft-launcher-contracts",
    "status": "found_in_store"
  },
  "73 debug pnpm:progress": {
    "packageId": "registry.npmjs.org/ganache-core/2.13.2",
    "requester": "/home/VulcanLinkProjects/nft-launcher-contracts",
    "status": "found_in_store"
  },
  "74 debug pnpm:progress": {
    "packageId": "registry.npmjs.org/glob/7.2.0",
    "requester": "/home/VulcanLinkProjects/nft-launcher-contracts",
    "status": "found_in_store"
  },
  "75 debug pnpm:_dependency_resolved": {
    "resolution": "registry.npmjs.org/lint-staged/11.2.6",
    "wanted": {
      "dependentId": ".",
      "name": "lint-staged",
      "rawSpec": "^11.2.6"
    }
  },
  "76 debug pnpm:progress": {
    "packageId": "registry.npmjs.org/lint-staged/11.2.6",
    "requester": "/home/VulcanLinkProjects/nft-launcher-contracts",
    "status": "resolved"
  },
  "77 debug pnpm:_dependency_resolved": {
    "resolution": "registry.npmjs.org/merkletreejs/0.2.31",
    "wanted": {
      "dependentId": ".",
      "name": "merkletreejs",
      "rawSpec": "^0.2.30"
    }
  },
  "78 debug pnpm:progress": {
    "packageId": "registry.npmjs.org/merkletreejs/0.2.31",
    "requester": "/home/VulcanLinkProjects/nft-launcher-contracts",
    "status": "resolved"
  },
  "79 debug pnpm:_dependency_resolved": {
    "resolution": "registry.npmjs.org/mocha/9.2.2",
    "wanted": {
      "dependentId": ".",
      "name": "mocha",
      "rawSpec": "^9.1.4"
    }
  },
  "80 debug pnpm:progress": {
    "packageId": "registry.npmjs.org/mocha/9.2.2",
    "requester": "/home/VulcanLinkProjects/nft-launcher-contracts",
    "status": "resolved"
  },
  "81 debug pnpm:_dependency_resolved": {
    "resolution": "registry.npmjs.org/npm-run-all/4.1.5",
    "wanted": {
      "dependentId": ".",
      "name": "npm-run-all",
      "rawSpec": "^4.1.5"
    }
  },
  "82 debug pnpm:progress": {
    "packageId": "registry.npmjs.org/npm-run-all/4.1.5",
    "requester": "/home/VulcanLinkProjects/nft-launcher-contracts",
    "status": "resolved"
  },
  "83 debug pnpm:progress": {
    "packageId": "registry.npmjs.org/hardhat/2.9.3",
    "requester": "/home/VulcanLinkProjects/nft-launcher-contracts",
    "status": "found_in_store"
  },
  "84 debug pnpm:progress": {
    "packageId": "registry.npmjs.org/husky/7.0.4",
    "requester": "/home/VulcanLinkProjects/nft-launcher-contracts",
    "status": "found_in_store"
  },
  "85 debug pnpm:progress": {
    "packageId": "registry.npmjs.org/ipfs-core-types/0.10.2",
    "requester": "/home/VulcanLinkProjects/nft-launcher-contracts",
    "status": "found_in_store"
  },
  "86 debug pnpm:progress": {
    "packageId": "registry.npmjs.org/lint-staged/11.2.6",
    "requester": "/home/VulcanLinkProjects/nft-launcher-contracts",
    "status": "found_in_store"
  },
  "87 debug pnpm:progress": {
    "packageId": "registry.npmjs.org/merkletreejs/0.2.31",
    "requester": "/home/VulcanLinkProjects/nft-launcher-contracts",
    "status": "found_in_store"
  },
  "88 debug pnpm:progress": {
    "packageId": "registry.npmjs.org/mocha/9.2.2",
    "requester": "/home/VulcanLinkProjects/nft-launcher-contracts",
    "status": "found_in_store"
  },
  "89 debug pnpm:progress": {
    "packageId": "registry.npmjs.org/npm-run-all/4.1.5",
    "requester": "/home/VulcanLinkProjects/nft-launcher-contracts",
    "status": "found_in_store"
  },
  "90 debug pnpm:_dependency_resolved": {
    "resolution": "registry.npmjs.org/rimraf/3.0.2",
    "wanted": {
      "dependentId": ".",
      "name": "rimraf",
      "rawSpec": "^3.0.2"
    }
  },
  "91 debug pnpm:progress": {
    "packageId": "registry.npmjs.org/rimraf/3.0.2",
    "requester": "/home/VulcanLinkProjects/nft-launcher-contracts",
    "status": "resolved"
  },
  "92 debug pnpm:_dependency_resolved": {
    "resolution": "registry.npmjs.org/prettier/2.6.2",
    "wanted": {
      "dependentId": ".",
      "name": "prettier",
      "rawSpec": "^2.5.1"
    }
  },
  "93 debug pnpm:progress": {
    "packageId": "registry.npmjs.org/prettier/2.6.2",
    "requester": "/home/VulcanLinkProjects/nft-launcher-contracts",
    "status": "resolved"
  },
  "94 debug pnpm:progress": {
    "packageId": "registry.npmjs.org/rimraf/3.0.2",
    "requester": "/home/VulcanLinkProjects/nft-launcher-contracts",
    "status": "found_in_store"
  },
  "95 debug pnpm:progress": {
    "packageId": "registry.npmjs.org/prettier/2.6.2",
    "requester": "/home/VulcanLinkProjects/nft-launcher-contracts",
    "status": "found_in_store"
  },
  "96 debug pnpm:_dependency_resolved": {
    "resolution": "registry.npmjs.org/solc/0.8.13",
    "wanted": {
      "dependentId": ".",
      "name": "solc-0.8",
      "rawSpec": "npm:solc@^0.8.12"
    }
  },
  "97 debug pnpm:progress": {
    "packageId": "registry.npmjs.org/solc/0.8.13",
    "requester": "/home/VulcanLinkProjects/nft-launcher-contracts",
    "status": "resolved"
  },
  "98 debug pnpm:progress": {
    "packageId": "registry.npmjs.org/solc/0.8.13",
    "requester": "/home/VulcanLinkProjects/nft-launcher-contracts",
    "status": "found_in_store"
  },
  "99 debug pnpm:_dependency_resolved": {
    "resolution": "registry.npmjs.org/truffle/5.4.14",
    "wanted": {
      "dependentId": ".",
      "name": "truffle",
      "rawSpec": "5.4.14"
    }
  },
  "100 debug pnpm:progress": {
    "packageId": "registry.npmjs.org/truffle/5.4.14",
    "requester": "/home/VulcanLinkProjects/nft-launcher-contracts",
    "status": "resolved"
  },
  "101 debug pnpm:_dependency_resolved": {
    "resolution": "registry.npmjs.org/solidity-docgen/0.5.16",
    "wanted": {
      "dependentId": ".",
      "name": "solidity-docgen",
      "rawSpec": "^0.5.16"
    }
  },
  "102 debug pnpm:progress": {
    "packageId": "registry.npmjs.org/solidity-docgen/0.5.16",
    "requester": "/home/VulcanLinkProjects/nft-launcher-contracts",
    "status": "resolved"
  },
  "103 debug pnpm:_dependency_resolved": {
    "resolution": "registry.npmjs.org/ts-node/10.7.0",
    "wanted": {
      "dependentId": ".",
      "name": "ts-node",
      "rawSpec": "^10.4.0"
    }
  },
  "104 debug pnpm:progress": {
    "packageId": "registry.npmjs.org/ts-node/10.7.0",
    "requester": "/home/VulcanLinkProjects/nft-launcher-contracts",
    "status": "resolved"
  },
  "105 debug pnpm:_dependency_resolved": {
    "resolution": "registry.npmjs.org/typechain/5.2.0",
    "wanted": {
      "dependentId": ".",
      "name": "typechain",
      "rawSpec": "^5.2.0"
    }
  },
  "106 debug pnpm:progress": {
    "packageId": "registry.npmjs.org/typechain/5.2.0",
    "requester": "/home/VulcanLinkProjects/nft-launcher-contracts",
    "status": "resolved"
  },
  "107 debug pnpm:progress": {
    "packageId": "registry.npmjs.org/truffle/5.4.14",
    "requester": "/home/VulcanLinkProjects/nft-launcher-contracts",
    "status": "found_in_store"
  },
  "108 debug pnpm:progress": {
    "packageId": "registry.npmjs.org/solidity-docgen/0.5.16",
    "requester": "/home/VulcanLinkProjects/nft-launcher-contracts",
    "status": "found_in_store"
  },
  "109 debug pnpm:progress": {
    "packageId": "registry.npmjs.org/ts-node/10.7.0",
    "requester": "/home/VulcanLinkProjects/nft-launcher-contracts",
    "status": "found_in_store"
  },
  "110 debug pnpm:progress": {
    "packageId": "registry.npmjs.org/typechain/5.2.0",
    "requester": "/home/VulcanLinkProjects/nft-launcher-contracts",
    "status": "found_in_store"
  },
  "111 debug pnpm:_dependency_resolved": {
    "resolution": "registry.npmjs.org/typedoc/0.21.10",
    "wanted": {
      "dependentId": ".",
      "name": "typedoc",
      "rawSpec": "^0.21.9"
    }
  },
  "112 debug pnpm:progress": {
    "packageId": "registry.npmjs.org/typedoc/0.21.10",
    "requester": "/home/VulcanLinkProjects/nft-launcher-contracts",
    "status": "resolved"
  },
  "113 debug pnpm:_dependency_resolved": {
    "resolution": "registry.npmjs.org/typedoc-neo-theme/1.1.1",
    "wanted": {
      "dependentId": ".",
      "name": "typedoc-neo-theme",
      "rawSpec": "^1.1.1"
    }
  },
  "114 debug pnpm:progress": {
    "packageId": "registry.npmjs.org/typedoc-neo-theme/1.1.1",
    "requester": "/home/VulcanLinkProjects/nft-launcher-contracts",
    "status": "resolved"
  },
  "115 debug pnpm:progress": {
    "packageId": "registry.npmjs.org/typedoc/0.21.10",
    "requester": "/home/VulcanLinkProjects/nft-launcher-contracts",
    "status": "found_in_store"
  },
  "116 debug pnpm:progress": {
    "packageId": "registry.npmjs.org/typedoc-neo-theme/1.1.1",
    "requester": "/home/VulcanLinkProjects/nft-launcher-contracts",
    "status": "found_in_store"
  },
  "117 debug pnpm:_dependency_resolved": {
    "resolution": "registry.npmjs.org/uint8arrays/3.0.0",
    "wanted": {
      "dependentId": ".",
      "name": "uint8arrays",
      "rawSpec": "^3.0.0"
    }
  },
  "118 debug pnpm:progress": {
    "packageId": "registry.npmjs.org/uint8arrays/3.0.0",
    "requester": "/home/VulcanLinkProjects/nft-launcher-contracts",
    "status": "resolved"
  },
  "119 debug pnpm:progress": {
    "packageId": "registry.npmjs.org/uint8arrays/3.0.0",
    "requester": "/home/VulcanLinkProjects/nft-launcher-contracts",
    "status": "found_in_store"
  },
  "120 debug pnpm:_dependency_resolved": {
    "resolution": "registry.npmjs.org/web3/1.7.3",
    "wanted": {
      "dependentId": ".",
      "name": "web3",
      "rawSpec": "^1.6.1"
    }
  },
  "121 debug pnpm:progress": {
    "packageId": "registry.npmjs.org/web3/1.7.3",
    "requester": "/home/VulcanLinkProjects/nft-launcher-contracts",
    "status": "resolved"
  },
  "122 debug pnpm:_dependency_resolved": {
    "resolution": "registry.npmjs.org/typescript/4.6.3",
    "wanted": {
      "dependentId": ".",
      "name": "typescript",
      "rawSpec": "^4.5.4"
    }
  },
  "123 debug pnpm:progress": {
    "packageId": "registry.npmjs.org/typescript/4.6.3",
    "requester": "/home/VulcanLinkProjects/nft-launcher-contracts",
    "status": "resolved"
  },
  "124 debug pnpm:progress": {
    "packageId": "registry.npmjs.org/web3/1.7.3",
    "requester": "/home/VulcanLinkProjects/nft-launcher-contracts",
    "status": "found_in_store"
  },
  "125 debug pnpm:progress": {
    "packageId": "registry.npmjs.org/typescript/4.6.3",
    "requester": "/home/VulcanLinkProjects/nft-launcher-contracts",
    "status": "found_in_store"
  },
  "126 debug pnpm:_dependency_resolved": {
    "resolution": "registry.npmjs.org/web3-core/1.7.3",
    "wanted": {
      "dependentId": ".",
      "name": "web3-core",
      "rawSpec": "^1.6.1"
    }
  },
  "127 debug pnpm:progress": {
    "packageId": "registry.npmjs.org/web3-core/1.7.3",
    "requester": "/home/VulcanLinkProjects/nft-launcher-contracts",
    "status": "resolved"
  },
  "128 debug pnpm:progress": {
    "packageId": "registry.npmjs.org/web3-core/1.7.3",
    "requester": "/home/VulcanLinkProjects/nft-launcher-contracts",
    "status": "found_in_store"
  },
  "129 debug pnpm:_dependency_resolved": {
    "resolution": "registry.npmjs.org/web3-eth-contract/1.7.3",
    "wanted": {
      "dependentId": ".",
      "name": "web3-eth-contract",
      "rawSpec": "^1.6.1"
    }
  },
  "130 debug pnpm:progress": {
    "packageId": "registry.npmjs.org/web3-eth-contract/1.7.3",
    "requester": "/home/VulcanLinkProjects/nft-launcher-contracts",
    "status": "resolved"
  },
  "131 debug pnpm:progress": {
    "packageId": "registry.npmjs.org/web3-eth-contract/1.7.3",
    "requester": "/home/VulcanLinkProjects/nft-launcher-contracts",
    "status": "found_in_store"
  },
  "132 debug pnpm:_dependency_resolved": {
    "resolution": "registry.npmjs.org/web3-utils/1.7.3",
    "wanted": {
      "dependentId": ".",
      "name": "web3-utils",
      "rawSpec": "^1.6.1"
    }
  },
  "133 debug pnpm:progress": {
    "packageId": "registry.npmjs.org/web3-utils/1.7.3",
    "requester": "/home/VulcanLinkProjects/nft-launcher-contracts",
    "status": "resolved"
  },
  "134 debug pnpm:progress": {
    "packageId": "registry.npmjs.org/web3-utils/1.7.3",
    "requester": "/home/VulcanLinkProjects/nft-launcher-contracts",
    "status": "found_in_store"
  },
  "135 debug pnpm:_dependency_resolved": {
    "resolution": "registry.npmjs.org/ajv/8.11.0",
    "wanted": {
      "dependentId": ".",
      "name": "ajv",
      "rawSpec": "^8.10.0"
    }
  },
  "136 debug pnpm:progress": {
    "packageId": "registry.npmjs.org/ajv/8.11.0",
    "requester": "/home/VulcanLinkProjects/nft-launcher-contracts",
    "status": "resolved"
  },
  "137 debug pnpm:_dependency_resolved": {
    "resolution": "registry.npmjs.org/dotenv/10.0.0",
    "wanted": {
      "dependentId": ".",
      "name": "dotenv",
      "rawSpec": "^10.0.0"
    }
  },
  "138 debug pnpm:progress": {
    "packageId": "registry.npmjs.org/dotenv/10.0.0",
    "requester": "/home/VulcanLinkProjects/nft-launcher-contracts",
    "status": "resolved"
  },
  "139 debug pnpm:progress": {
    "packageId": "registry.npmjs.org/ajv/8.11.0",
    "requester": "/home/VulcanLinkProjects/nft-launcher-contracts",
    "status": "found_in_store"
  },
  "140 debug pnpm:progress": {
    "packageId": "registry.npmjs.org/dotenv/10.0.0",
    "requester": "/home/VulcanLinkProjects/nft-launcher-contracts",
    "status": "found_in_store"
  },
  "141 debug pnpm:_dependency_resolved": {
    "resolution": "registry.npmjs.org/ipfs-http-client/56.0.2",
    "wanted": {
      "dependentId": ".",
      "name": "ipfs-http-client",
      "rawSpec": "^56.0.1"
    }
  },
  "142 debug pnpm:progress": {
    "packageId": "registry.npmjs.org/ipfs-http-client/56.0.2",
    "requester": "/home/VulcanLinkProjects/nft-launcher-contracts",
    "status": "resolved"
  },
  "143 debug pnpm:progress": {
    "packageId": "registry.npmjs.org/ipfs-http-client/56.0.2",
    "requester": "/home/VulcanLinkProjects/nft-launcher-contracts",
    "status": "found_in_store"
  },
  "144 debug pnpm:_dependency_resolved": {
    "resolution": "registry.npmjs.org/merge-images/2.0.0",
    "wanted": {
      "dependentId": ".",
      "name": "merge-images",
      "rawSpec": "^2.0.0"
    }
  },
  "145 debug pnpm:progress": {
    "packageId": "registry.npmjs.org/merge-images/2.0.0",
    "requester": "/home/VulcanLinkProjects/nft-launcher-contracts",
    "status": "resolved"
  },
  "146 debug pnpm:progress": {
    "packageId": "registry.npmjs.org/merge-images/2.0.0",
    "requester": "/home/VulcanLinkProjects/nft-launcher-contracts",
    "status": "found_in_store"
  },
  "147 debug pnpm:request-retry": {
    "attempt": 1,
    "error": {
      "type": "system",
      "errno": "ERR_SOCKET_TIMEOUT",
      "code": "ERR_SOCKET_TIMEOUT"
    },
    "maxRetries": 2,
    "method": "GET",
    "timeout": 10000,
    "url": "http://registry.npmjs.org/@ethersproject%2Fcontracts"
  },
  "148 debug pnpm:request-retry": {
    "attempt": 1,
    "error": {
      "type": "system",
      "errno": "ERR_SOCKET_TIMEOUT",
      "code": "ERR_SOCKET_TIMEOUT"
    },
    "maxRetries": 2,
    "method": "GET",
    "timeout": 10000,
    "url": "http://registry.npmjs.org/@nomiclabs%2Fhardhat-ethers"
  },
  "149 debug pnpm:request-retry": {
    "attempt": 1,
    "error": {
      "type": "system",
      "errno": "ERR_SOCKET_TIMEOUT",
      "code": "ERR_SOCKET_TIMEOUT"
    },
    "maxRetries": 2,
    "method": "GET",
    "timeout": 10000,
    "url": "http://registry.npmjs.org/@nomiclabs%2Fhardhat-web3"
  },
  "150 debug pnpm:request-retry": {
    "attempt": 1,
    "error": {
      "type": "system",
      "errno": "ERR_SOCKET_TIMEOUT",
      "code": "ERR_SOCKET_TIMEOUT"
    },
    "maxRetries": 2,
    "method": "GET",
    "timeout": 10000,
    "url": "http://registry.npmjs.org/@nomiclabs%2Fhardhat-truffle5"
  },
  "151 debug pnpm:request-retry": {
    "attempt": 1,
    "error": {
      "type": "system",
      "errno": "ERR_SOCKET_TIMEOUT",
      "code": "ERR_SOCKET_TIMEOUT"
    },
    "maxRetries": 2,
    "method": "GET",
    "timeout": 10000,
    "url": "http://registry.npmjs.org/@truffle%2Fcontract"
  },
  "152 debug pnpm:request-retry": {
    "attempt": 1,
    "error": {
      "type": "system",
      "errno": "ERR_SOCKET_TIMEOUT",
      "code": "ERR_SOCKET_TIMEOUT"
    },
    "maxRetries": 2,
    "method": "GET",
    "timeout": 10000,
    "url": "http://registry.npmjs.org/@truffle%2Fhdwallet-provider"
  },
  "153 debug pnpm:request-retry": {
    "attempt": 1,
    "error": {
      "type": "system",
      "errno": "ERR_SOCKET_TIMEOUT",
      "code": "ERR_SOCKET_TIMEOUT"
    },
    "maxRetries": 2,
    "method": "GET",
    "timeout": 10000,
    "url": "http://registry.npmjs.org/@typechain%2Fethers-v5"
  },
  "154 debug pnpm:request-retry": {
    "attempt": 1,
    "error": {
      "type": "system",
      "errno": "ERR_SOCKET_TIMEOUT",
      "code": "ERR_SOCKET_TIMEOUT"
    },
    "maxRetries": 2,
    "method": "GET",
    "timeout": 10000,
    "url": "http://registry.npmjs.org/@typechain%2Fhardhat"
  },
  "155 debug pnpm:request-retry": {
    "attempt": 1,
    "error": {
      "type": "system",
      "errno": "ERR_SOCKET_TIMEOUT",
      "code": "ERR_SOCKET_TIMEOUT"
    },
    "maxRetries": 2,
    "method": "GET",
    "timeout": 10000,
    "url": "http://registry.npmjs.org/@typechain%2Ftruffle-v5"
  },
  "156 debug pnpm:request-retry": {
    "attempt": 1,
    "error": {
      "type": "system",
      "errno": "ERR_SOCKET_TIMEOUT",
      "code": "ERR_SOCKET_TIMEOUT"
    },
    "maxRetries": 2,
    "method": "GET",
    "timeout": 10000,
    "url": "http://registry.npmjs.org/@types%2Fchai"
  },
  "157 debug pnpm:request-retry": {
    "attempt": 1,
    "error": {
      "type": "system",
      "errno": "ERR_SOCKET_TIMEOUT",
      "code": "ERR_SOCKET_TIMEOUT"
    },
    "maxRetries": 2,
    "method": "GET",
    "timeout": 10000,
    "url": "http://registry.npmjs.org/@types%2Fchai-as-promised"
  },
  "158 debug pnpm:request-retry": {
    "attempt": 1,
    "error": {
      "type": "system",
      "errno": "ERR_SOCKET_TIMEOUT",
      "code": "ERR_SOCKET_TIMEOUT"
    },
    "maxRetries": 2,
    "method": "GET",
    "timeout": 10000,
    "url": "http://registry.npmjs.org/@types%2Fglob"
  },
  "159 debug pnpm:request-retry": {
    "attempt": 1,
    "error": {
      "type": "system",
      "errno": "ERR_SOCKET_TIMEOUT",
      "code": "ERR_SOCKET_TIMEOUT"
    },
    "maxRetries": 2,
    "method": "GET",
    "timeout": 10000,
    "url": "https://registry.npmjs.org/@openzeppelin%2Fcontracts"
  },
  "160 debug pnpm:request-retry": {
    "attempt": 1,
    "error": {
      "type": "system",
      "errno": "ERR_SOCKET_TIMEOUT",
      "code": "ERR_SOCKET_TIMEOUT"
    },
    "maxRetries": 2,
    "method": "GET",
    "timeout": 10000,
    "url": "https://registry.npmjs.org/@ethersproject%2Fproviders"
  },
  "161 debug pnpm:_dependency_resolved": {
    "resolution": "registry.npmjs.org/@typechain/ethers-v5/7.2.0",
    "wanted": {
      "dependentId": ".",
      "name": "@typechain/ethers-v5",
      "rawSpec": "^7.2.0"
    }
  },
  "162 debug pnpm:progress": {
    "packageId": "registry.npmjs.org/@typechain/ethers-v5/7.2.0",
    "requester": "/home/VulcanLinkProjects/nft-launcher-contracts",
    "status": "resolved"
  },
  "163 debug pnpm:_dependency_resolved": {
    "resolution": "registry.npmjs.org/@nomiclabs/hardhat-ethers/2.0.5",
    "wanted": {
      "dependentId": ".",
      "name": "@nomiclabs/hardhat-ethers",
      "rawSpec": "^2.0.5"
    }
  },
  "164 debug pnpm:progress": {
    "packageId": "registry.npmjs.org/@nomiclabs/hardhat-ethers/2.0.5",
    "requester": "/home/VulcanLinkProjects/nft-launcher-contracts",
    "status": "resolved"
  },
  "165 debug pnpm:_dependency_resolved": {
    "resolution": "registry.npmjs.org/@ethersproject/contracts/5.6.0",
    "wanted": {
      "dependentId": ".",
      "name": "@ethersproject/contracts",
      "rawSpec": "^5.5.0"
    }
  },
  "166 debug pnpm:progress": {
    "packageId": "registry.npmjs.org/@ethersproject/contracts/5.6.0",
    "requester": "/home/VulcanLinkProjects/nft-launcher-contracts",
    "status": "resolved"
  },
  "167 debug pnpm:_dependency_resolved": {
    "resolution": "registry.npmjs.org/@openzeppelin/contracts/4.5.0",
    "wanted": {
      "dependentId": ".",
      "name": "@openzeppelin/contracts",
      "rawSpec": "^4.4.2"
    }
  },
  "168 debug pnpm:progress": {
    "packageId": "registry.npmjs.org/@openzeppelin/contracts/4.5.0",
    "requester": "/home/VulcanLinkProjects/nft-launcher-contracts",
    "status": "resolved"
  },
  "169 debug pnpm:progress": {
    "packageId": "registry.npmjs.org/@ethersproject/contracts/5.6.0",
    "requester": "/home/VulcanLinkProjects/nft-launcher-contracts",
    "status": "found_in_store"
  },
  "170 debug pnpm:progress": {
    "packageId": "registry.npmjs.org/@typechain/ethers-v5/7.2.0",
    "requester": "/home/VulcanLinkProjects/nft-launcher-contracts",
    "status": "found_in_store"
  },
  "171 debug pnpm:progress": {
    "packageId": "registry.npmjs.org/@nomiclabs/hardhat-ethers/2.0.5",
    "requester": "/home/VulcanLinkProjects/nft-launcher-contracts",
    "status": "found_in_store"
  },
  "172 debug pnpm:progress": {
    "packageId": "registry.npmjs.org/@openzeppelin/contracts/4.5.0",
    "requester": "/home/VulcanLinkProjects/nft-launcher-contracts",
    "status": "found_in_store"
  },
  "173 debug pnpm:_dependency_resolved": {
    "resolution": "registry.npmjs.org/@typechain/truffle-v5/5.1.0",
    "wanted": {
      "dependentId": ".",
      "name": "@typechain/truffle-v5",
      "rawSpec": "^5.1.0"
    }
  },
  "174 debug pnpm:progress": {
    "packageId": "registry.npmjs.org/@typechain/truffle-v5/5.1.0",
    "requester": "/home/VulcanLinkProjects/nft-launcher-contracts",
    "status": "resolved"
  },
  "175 debug pnpm:_dependency_resolved": {
    "resolution": "registry.npmjs.org/@truffle/hdwallet-provider/1.7.0",
    "wanted": {
      "dependentId": ".",
      "name": "@truffle/hdwallet-provider",
      "rawSpec": "^1.7.0"
    }
  },
  "176 debug pnpm:progress": {
    "packageId": "registry.npmjs.org/@truffle/hdwallet-provider/1.7.0",
    "requester": "/home/VulcanLinkProjects/nft-launcher-contracts",
    "status": "resolved"
  },
  "177 debug pnpm:progress": {
    "packageId": "registry.npmjs.org/@truffle/hdwallet-provider/1.7.0",
    "requester": "/home/VulcanLinkProjects/nft-launcher-contracts",
    "status": "found_in_store"
  },
  "178 debug pnpm:progress": {
    "packageId": "registry.npmjs.org/@typechain/truffle-v5/5.1.0",
    "requester": "/home/VulcanLinkProjects/nft-launcher-contracts",
    "status": "found_in_store"
  },
  "179 debug pnpm:_dependency_resolved": {
    "resolution": "registry.npmjs.org/@nomiclabs/hardhat-web3/2.0.0",
    "wanted": {
      "dependentId": ".",
      "name": "@nomiclabs/hardhat-web3",
      "rawSpec": "^2.0.0"
    }
  },
  "180 debug pnpm:progress": {
    "packageId": "registry.npmjs.org/@nomiclabs/hardhat-web3/2.0.0",
    "requester": "/home/VulcanLinkProjects/nft-launcher-contracts",
    "status": "resolved"
  },
  "181 debug pnpm:_dependency_resolved": {
    "resolution": "registry.npmjs.org/@truffle/contract/4.5.7",
    "wanted": {
      "dependentId": ".",
      "name": "@truffle/contract",
      "rawSpec": "^4.4.4"
    }
  },
  "182 debug pnpm:progress": {
    "packageId": "registry.npmjs.org/@truffle/contract/4.5.7",
    "requester": "/home/VulcanLinkProjects/nft-launcher-contracts",
    "status": "resolved"
  },
  "183 debug pnpm:progress": {
    "packageId": "registry.npmjs.org/@truffle/contract/4.5.7",
    "requester": "/home/VulcanLinkProjects/nft-launcher-contracts",
    "status": "found_in_store"
  },
  "184 debug pnpm:fetching-progress": {
    "attempt": 1,
    "packageId": "registry.npmjs.org/@nomiclabs/hardhat-web3/2.0.0",
    "size": 5245,
    "status": "started"
  },
  "185 debug pnpm:progress": {
    "packageId": "registry.npmjs.org/@nomiclabs/hardhat-web3/2.0.0",
    "requester": "/home/VulcanLinkProjects/nft-launcher-contracts",
    "status": "fetched"
  },
  "186 debug pnpm:request-retry": {
    "attempt": 2,
    "error": {
      "type": "system",
      "errno": "ERR_SOCKET_TIMEOUT",
      "code": "ERR_SOCKET_TIMEOUT"
    },
    "maxRetries": 2,
    "method": "GET",
    "timeout": 60000,
    "url": "http://registry.npmjs.org/@nomiclabs%2Fhardhat-truffle5"
  },
  "187 debug pnpm:request-retry": {
    "attempt": 2,
    "error": {
      "type": "system",
      "errno": "ERR_SOCKET_TIMEOUT",
      "code": "ERR_SOCKET_TIMEOUT"
    },
    "maxRetries": 2,
    "method": "GET",
    "timeout": 60000,
    "url": "http://registry.npmjs.org/@types%2Fchai"
  },
  "188 debug pnpm:request-retry": {
    "attempt": 2,
    "error": {
      "type": "system",
      "errno": "ERR_SOCKET_TIMEOUT",
      "code": "ERR_SOCKET_TIMEOUT"
    },
    "maxRetries": 2,
    "method": "GET",
    "timeout": 60000,
    "url": "http://registry.npmjs.org/@types%2Fglob"
  },
  "189 debug pnpm:request-retry": {
    "attempt": 2,
    "error": {
      "type": "system",
      "errno": "ERR_SOCKET_TIMEOUT",
      "code": "ERR_SOCKET_TIMEOUT"
    },
    "maxRetries": 2,
    "method": "GET",
    "timeout": 60000,
    "url": "https://registry.npmjs.org/@ethersproject%2Fproviders"
  },
  "190 debug pnpm:request-retry": {
    "attempt": 1,
    "error": {
      "type": "system",
      "errno": "ERR_SOCKET_TIMEOUT",
      "code": "ERR_SOCKET_TIMEOUT"
    },
    "maxRetries": 2,
    "method": "GET",
    "timeout": 10000,
    "url": "https://registry.npmjs.org/@typechain%2Fhardhat"
  },
  "191 debug pnpm:request-retry": {
    "attempt": 1,
    "error": {
      "type": "system",
      "errno": "ERR_SOCKET_TIMEOUT",
      "code": "ERR_SOCKET_TIMEOUT"
    },
    "maxRetries": 2,
    "method": "GET",
    "timeout": 10000,
    "url": "https://registry.npmjs.org/@types%2Fchai-as-promised"
  },
  "192 debug pnpm:_dependency_resolved": {
    "resolution": "registry.npmjs.org/@types/chai-as-promised/7.1.5",
    "wanted": {
      "dependentId": ".",
      "name": "@types/chai-as-promised",
      "rawSpec": "^7.1.4"
    }
  },
  "193 debug pnpm:progress": {
    "packageId": "registry.npmjs.org/@types/chai-as-promised/7.1.5",
    "requester": "/home/VulcanLinkProjects/nft-launcher-contracts",
    "status": "resolved"
  },
  "194 debug pnpm:progress": {
    "packageId": "registry.npmjs.org/@types/chai-as-promised/7.1.5",
    "requester": "/home/VulcanLinkProjects/nft-launcher-contracts",
    "status": "found_in_store"
  },
  "195 debug pnpm:_dependency_resolved": {
    "resolution": "registry.npmjs.org/@types/glob/7.2.0",
    "wanted": {
      "dependentId": ".",
      "name": "@types/glob",
      "rawSpec": "^7.2.0"
    }
  },
  "196 debug pnpm:progress": {
    "packageId": "registry.npmjs.org/@types/glob/7.2.0",
    "requester": "/home/VulcanLinkProjects/nft-launcher-contracts",
    "status": "resolved"
  },
  "197 debug pnpm:progress": {
    "packageId": "registry.npmjs.org/@types/glob/7.2.0",
    "requester": "/home/VulcanLinkProjects/nft-launcher-contracts",
    "status": "found_in_store"
  },
  "198 debug pnpm:_dependency_resolved": {
    "resolution": "registry.npmjs.org/@ethersproject/providers/5.6.4",
    "wanted": {
      "dependentId": ".",
      "name": "@ethersproject/providers",
      "rawSpec": "^5.5.2"
    }
  },
  "199 debug pnpm:progress": {
    "packageId": "registry.npmjs.org/@ethersproject/providers/5.6.4",
    "requester": "/home/VulcanLinkProjects/nft-launcher-contracts",
    "status": "resolved"
  },
  "200 debug pnpm:fetching-progress": {
    "attempt": 1,
    "packageId": "registry.npmjs.org/@ethersproject/providers/5.6.4",
    "size": 198153,
    "status": "started"
  },
  "201 debug pnpm:progress": {
    "packageId": "registry.npmjs.org/@ethersproject/providers/5.6.4",
    "requester": "/home/VulcanLinkProjects/nft-launcher-contracts",
    "status": "fetched"
  },
  "202 debug pnpm:request-retry": {
    "attempt": 2,
    "error": {
      "type": "system",
      "errno": "ERR_SOCKET_TIMEOUT",
      "code": "ERR_SOCKET_TIMEOUT"
    },
    "maxRetries": 2,
    "method": "GET",
    "timeout": 60000,
    "url": "https://registry.npmjs.org/@typechain%2Fhardhat"
  },
  "203 debug pnpm:request-retry": {
    "attempt": 1,
    "error": {
      "type": "system",
      "errno": "ERR_SOCKET_TIMEOUT",
      "code": "ERR_SOCKET_TIMEOUT"
    },
    "maxRetries": 2,
    "method": "GET",
    "timeout": 10000,
    "url": "https://registry.npmjs.org/@nomiclabs%2Fhardhat-truffle5"
  },
  "204 debug pnpm:request-retry": {
    "attempt": 1,
    "error": {
      "type": "system",
      "errno": "ERR_SOCKET_TIMEOUT",
      "code": "ERR_SOCKET_TIMEOUT"
    },
    "maxRetries": 2,
    "method": "GET",
    "timeout": 10000,
    "url": "https://registry.npmjs.org/@types%2Fchai"
  },
  "205 debug pnpm:_dependency_resolved": {
    "resolution": "registry.npmjs.org/@types/chai/4.3.1",
    "wanted": {
      "dependentId": ".",
      "name": "@types/chai",
      "rawSpec": "^4.3.0"
    }
  },
  "206 debug pnpm:progress": {
    "packageId": "registry.npmjs.org/@types/chai/4.3.1",
    "requester": "/home/VulcanLinkProjects/nft-launcher-contracts",
    "status": "resolved"
  },
  "207 debug pnpm:progress": {
    "packageId": "registry.npmjs.org/@types/chai/4.3.1",
    "requester": "/home/VulcanLinkProjects/nft-launcher-contracts",
    "status": "found_in_store"
  },
  "208 error pnpm": {
    "code": "ERR_PNPM_META_FETCH_FAIL",
    "attempts": 1,
    "pkgsStack": [],
    "err": {
      "name": "pnpm",
      "message": "GET http://registry.npmjs.org/@typechain%2Fhardhat: request to https://registry.npmjs.org/@typechain%2Fhardhat failed, reason: Socket timeout",
      "code": "ERR_PNPM_META_FETCH_FAIL",
      "stack": "pnpm: GET http://registry.npmjs.org/@typechain%2Fhardhat: request to https://registry.npmjs.org/@typechain%2Fhardhat failed, reason: Socket timeout\n    at RetryOperation._fn (/usr/local/lib/node_modules/pnpm/dist/pnpm.cjs:85701:19)\n    at runMicrotasks (<anonymous>)\n    at processTicksAndRejections (node:internal/process/task_queues:96:5)"
    }
  }
}